<launch>
  <master auto="restart" />
</launch>