<launch>
  <master auto="no" />
</launch>