<launch>
  <machine name="machine1" address="address1" default="true" />
  
  <!-- verify ros-ip and ros-host-name alias -->
  
  <machine name="machine2" address="address2" ros-root="/ros/root" ros-package-path="/ros/package/path" ros-host-name="hostname" />
  <machine name="machine3" address="address3" ros-ip="hostname" />

  <machine name="machine4" address="address4">
    <env name="ENV1" value="value1" />
    <env name="ENV2" value="value2" />
    <env name="ENV3" value="value3" />
  </machine>

  <!-- if ros-root is explicitly set and ros-package-path is not, ros-package-path should not get a default value -->
  <machine name="machine5" address="address5" ros-root="/ros/root" />

  <machine name="machine6" address="address6">
    <!-- fake attrs are okay, but will print warnings to screen -->
    <fake name="ENV3" value="value3" />
  </machine>
  
  <machine name="machine7" address="address7" timeout="10.0" />
  <machine name="machine8" address="address8" timeout="1" />  
  
</launch>

