<launch>
  <master uri="http://localhost:12345/" />
</launch>